Log file opened on Sat May  2 08:21:55 2020
Host: catherines-MacBook-Pro-5.local  pid: 19061  rank ID: 0  number of ranks:  1
                   :-) GROMACS - gmx mdrun, VERSION 5.1.1 (-:

                            GROMACS is written by:
     Emile Apol      Rossen Apostolov  Herman J.C. Berendsen    Par Bjelkmar   
 Aldert van Buuren   Rudi van Drunen     Anton Feenstra   Sebastian Fritsch 
  Gerrit Groenhof   Christoph Junghans   Anca Hamuraru    Vincent Hindriksen
 Dimitrios Karkoulis    Peter Kasson        Jiri Kraus      Carsten Kutzner  
    Per Larsson      Justin A. Lemkul   Magnus Lundborg   Pieter Meulenhoff 
   Erik Marklund      Teemu Murtola       Szilard Pall       Sander Pronk   
   Roland Schulz     Alexey Shvetsov     Michael Shirts     Alfons Sijbers  
   Peter Tieleman    Teemu Virolainen  Christian Wennberg    Maarten Wolf   
                           and the project leaders:
        Mark Abraham, Berk Hess, Erik Lindahl, and David van der Spoel

Copyright (c) 1991-2000, University of Groningen, The Netherlands.
Copyright (c) 2001-2015, The GROMACS development team at
Uppsala University, Stockholm University and
the Royal Institute of Technology, Sweden.
check out http://www.gromacs.org for more information.

GROMACS is free software; you can redistribute it and/or modify it
under the terms of the GNU Lesser General Public License
as published by the Free Software Foundation; either version 2.1
of the License, or (at your option) any later version.

GROMACS:      gmx mdrun, VERSION 5.1.1
Executable:   /usr/local/gromacs/bin/gmx
Data prefix:  /usr/local/gromacs
Command line:
  gmx mdrun -deffnm A270B0_Reor_cg

GROMACS version:    VERSION 5.1.1
Precision:          single
Memory model:       64 bit
MPI library:        thread_mpi
OpenMP support:     disabled
GPU support:        disabled
OpenCL support:     disabled
invsqrt routine:    gmx_software_invsqrt(x)
SIMD instructions:  AVX2_256
FFT library:        fftw-3.3.8-sse2-avx
RDTSCP usage:       enabled
C++11 compilation:  enabled
TNG support:        enabled
Tracing support:    disabled
Built on:           Sun Dec  6 16:25:27 CET 2015
Built by:           cathy@catherines-MacBook-Pro-4.local [CMAKE]
Build OS/arch:      Darwin 13.4.0 x86_64
Build CPU vendor:   GenuineIntel
Build CPU brand:    Intel(R) Core(TM) i5-4288U CPU @ 2.60GHz
Build CPU family:   6   Model: 69   Stepping: 1
Build CPU features: aes apic avx avx2 clfsh cmov cx8 cx16 f16c fma htt lahf_lm mmx msr nonstop_tsc pcid pclmuldq pdcm pdpe1gb popcnt pse rdrnd rdtscp sse2 sse3 sse4.1 sse4.2 ssse3 tdt x2apic
C compiler:         /Applications/Xcode.app/Contents/Developer/Toolchains/XcodeDefault.xctoolchain/usr/bin/cc Clang 6.0.0.6000057
C compiler flags:    -march=core-avx2    -Wall -Wno-unused -Wunused-value -Wunused-parameter -Wno-unknown-pragmas  -O3 -DNDEBUG  
C++ compiler:       /Applications/Xcode.app/Contents/Developer/Toolchains/XcodeDefault.xctoolchain/usr/bin/c++ Clang 6.0.0.6000057
C++ compiler flags:  -march=core-avx2   -std=c++0x  -Wextra -Wno-missing-field-initializers -Wpointer-arith -Wall -Wno-unused-function -Wno-unknown-pragmas  -O3 -DNDEBUG  
Boost version:      1.58.0 (external)


Running on 1 node with total 4 logical cores
Hardware detected:
  CPU info:
    Vendor: GenuineIntel
    Brand:  Intel(R) Core(TM) i5-4288U CPU @ 2.60GHz
    Family:  6  model: 69  stepping:  1
    CPU features: aes apic avx avx2 clfsh cmov cx8 cx16 f16c fma htt lahf_lm mmx msr nonstop_tsc pcid pclmuldq pdcm pdpe1gb popcnt pse rdrnd rdtscp sse2 sse3 sse4.1 sse4.2 ssse3 tdt x2apic
    SIMD instructions most likely to fit this hardware: AVX2_256
    SIMD instructions selected at GROMACS compile time: AVX2_256


++++ PLEASE READ AND CITE THE FOLLOWING REFERENCE ++++
M. J. Abraham, T. Murtola, R. Schulz, S. Páll, J. C. Smith, B. Hess, E.
Lindahl
GROMACS: High performance molecular simulations through multi-level
parallelism from laptops to supercomputers
SoftwareX 1 (2015) pp. 19-25
-------- -------- --- Thank You --- -------- --------


++++ PLEASE READ AND CITE THE FOLLOWING REFERENCE ++++
S. Páll, M. J. Abraham, C. Kutzner, B. Hess, E. Lindahl
Tackling Exascale Software Challenges in Molecular Dynamics Simulations with
GROMACS
In S. Markidis & E. Laure (Eds.), Solving Software Challenges for Exascale 8759 (2015) pp. 3-27
-------- -------- --- Thank You --- -------- --------


++++ PLEASE READ AND CITE THE FOLLOWING REFERENCE ++++
S. Pronk, S. Páll, R. Schulz, P. Larsson, P. Bjelkmar, R. Apostolov, M. R.
Shirts, J. C. Smith, P. M. Kasson, D. van der Spoel, B. Hess, and E. Lindahl
GROMACS 4.5: a high-throughput and highly parallel open source molecular
simulation toolkit
Bioinformatics 29 (2013) pp. 845-54
-------- -------- --- Thank You --- -------- --------


++++ PLEASE READ AND CITE THE FOLLOWING REFERENCE ++++
B. Hess and C. Kutzner and D. van der Spoel and E. Lindahl
GROMACS 4: Algorithms for highly efficient, load-balanced, and scalable
molecular simulation
J. Chem. Theory Comput. 4 (2008) pp. 435-447
-------- -------- --- Thank You --- -------- --------


++++ PLEASE READ AND CITE THE FOLLOWING REFERENCE ++++
D. van der Spoel, E. Lindahl, B. Hess, G. Groenhof, A. E. Mark and H. J. C.
Berendsen
GROMACS: Fast, Flexible and Free
J. Comp. Chem. 26 (2005) pp. 1701-1719
-------- -------- --- Thank You --- -------- --------


++++ PLEASE READ AND CITE THE FOLLOWING REFERENCE ++++
E. Lindahl and B. Hess and D. van der Spoel
GROMACS 3.0: A package for molecular simulation and trajectory analysis
J. Mol. Mod. 7 (2001) pp. 306-317
-------- -------- --- Thank You --- -------- --------


++++ PLEASE READ AND CITE THE FOLLOWING REFERENCE ++++
H. J. C. Berendsen, D. van der Spoel and R. van Drunen
GROMACS: A message-passing parallel molecular dynamics implementation
Comp. Phys. Comm. 91 (1995) pp. 43-56
-------- -------- --- Thank You --- -------- --------


Changing rlist from 1.26 to 1.2 for non-bonded 4x4 atom kernels

Input Parameters:
   integrator                     = cg
   tinit                          = 0
   dt                             = 0.001
   nsteps                         = 10000
   init-step                      = 0
   simulation-part                = 1
   comm-mode                      = Linear
   nstcomm                        = 100
   bd-fric                        = 0
   ld-seed                        = 3283406764
   emtol                          = 1
   emstep                         = 0.001
   niter                          = 20
   fcstep                         = 0
   nstcgsteep                     = 1000
   nbfgscorr                      = 10
   rtpi                           = 0.05
   nstxout                        = 10
   nstvout                        = 0
   nstfout                        = 0
   nstlog                         = 1000
   nstcalcenergy                  = 100
   nstenergy                      = 1000
   nstxout-compressed             = 0
   compressed-x-precision         = 1000
   cutoff-scheme                  = Verlet
   nstlist                        = 20
   ns-type                        = Grid
   pbc                            = xyz
   periodic-molecules             = FALSE
   verlet-buffer-tolerance        = 0.005
   rlist                          = 1.2
   rlistlong                      = 1.2
   nstcalclr                      = 20
   coulombtype                    = PME
   coulomb-modifier               = Potential-shift
   rcoulomb-switch                = 0
   rcoulomb                       = 1.2
   epsilon-r                      = 1
   epsilon-rf                     = inf
   vdw-type                       = Cut-off
   vdw-modifier                   = Potential-shift
   rvdw-switch                    = 0
   rvdw                           = 1.2
   DispCorr                       = EnerPres
   table-extension                = 1
   fourierspacing                 = 0.1
   fourier-nx                     = 100
   fourier-ny                     = 72
   fourier-nz                     = 104
   pme-order                      = 4
   ewald-rtol                     = 1e-05
   ewald-rtol-lj                  = 0.001
   lj-pme-comb-rule               = Geometric
   ewald-geometry                 = 0
   epsilon-surface                = 0
   implicit-solvent               = No
   gb-algorithm                   = Still
   nstgbradii                     = 1
   rgbradii                       = 1
   gb-epsilon-solvent             = 80
   gb-saltconc                    = 0
   gb-obc-alpha                   = 1
   gb-obc-beta                    = 0.8
   gb-obc-gamma                   = 4.85
   gb-dielectric-offset           = 0.009
   sa-algorithm                   = Ace-approximation
   sa-surface-tension             = 2.05016
   tcoupl                         = No
   nsttcouple                     = -1
   nh-chain-length                = 0
   print-nose-hoover-chain-variables = FALSE
   pcoupl                         = No
   pcoupltype                     = Isotropic
   nstpcouple                     = -1
   tau-p                          = 1
   compressibility (3x3):
      compressibility[    0]={ 0.00000e+00,  0.00000e+00,  0.00000e+00}
      compressibility[    1]={ 0.00000e+00,  0.00000e+00,  0.00000e+00}
      compressibility[    2]={ 0.00000e+00,  0.00000e+00,  0.00000e+00}
   ref-p (3x3):
      ref-p[    0]={ 0.00000e+00,  0.00000e+00,  0.00000e+00}
      ref-p[    1]={ 0.00000e+00,  0.00000e+00,  0.00000e+00}
      ref-p[    2]={ 0.00000e+00,  0.00000e+00,  0.00000e+00}
   refcoord-scaling               = No
   posres-com (3):
      posres-com[0]= 0.00000e+00
      posres-com[1]= 0.00000e+00
      posres-com[2]= 0.00000e+00
   posres-comB (3):
      posres-comB[0]= 0.00000e+00
      posres-comB[1]= 0.00000e+00
      posres-comB[2]= 0.00000e+00
   QMMM                           = FALSE
   QMconstraints                  = 0
   QMMMscheme                     = 0
   MMChargeScaleFactor            = 1
qm-opts:
   ngQM                           = 0
   constraint-algorithm           = Lincs
   continuation                   = FALSE
   Shake-SOR                      = FALSE
   shake-tol                      = 0.0001
   lincs-order                    = 8
   lincs-iter                     = 1
   lincs-warnangle                = 30
   nwall                          = 0
   wall-type                      = 9-3
   wall-r-linpot                  = -1
   wall-atomtype[0]               = -1
   wall-atomtype[1]               = -1
   wall-density[0]                = 0
   wall-density[1]                = 0
   wall-ewald-zfac                = 3
   pull                           = FALSE
   rotation                       = FALSE
   interactiveMD                  = FALSE
   disre                          = No
   disre-weighting                = Conservative
   disre-mixed                    = FALSE
   dr-fc                          = 1000
   dr-tau                         = 0
   nstdisreout                    = 100
   orire-fc                       = 0
   orire-tau                      = 0
   nstorireout                    = 100
   free-energy                    = no
   cos-acceleration               = 0
   deform (3x3):
      deform[    0]={ 0.00000e+00,  0.00000e+00,  0.00000e+00}
      deform[    1]={ 0.00000e+00,  0.00000e+00,  0.00000e+00}
      deform[    2]={ 0.00000e+00,  0.00000e+00,  0.00000e+00}
   simulated-tempering            = FALSE
   E-x:
      n = 0
   E-xt:
      n = 0
   E-y:
      n = 0
   E-yt:
      n = 0
   E-z:
      n = 0
   E-zt:
      n = 0
   swapcoords                     = no
   adress                         = FALSE
   userint1                       = 0
   userint2                       = 0
   userint3                       = 0
   userint4                       = 0
   userreal1                      = 0
   userreal2                      = 0
   userreal3                      = 0
   userreal4                      = 0
grpopts:
   nrdf:        1782
   ref-t:           0
   tau-t:           0
annealing:          No
annealing-npoints:           0
   acc:	           0           0           0
   nfreeze:           N           N           N
   energygrp-flags[  0]: 0


Initializing Domain Decomposition on 4 ranks
Dynamic load balancing: off
Will sort the charge groups at every domain (re)decomposition
Initial maximum inter charge-group distances:
    two-body bonded interactions: 0.448 nm, Bond, atoms 276 277
  multi-body bonded interactions: 0.767 nm, G96Angle, atoms 79 82
Minimum cell size due to bonded interactions: 0.843 nm
Maximum distance for 9 constraints, at 120 deg. angles, all-trans: 2.850 nm
Estimated maximum distance required for P-LINCS: 2.850 nm
This distance will limit the DD cell size, you can override this with -rcon
Using 0 separate PME ranks, as there are too few total
 ranks for efficient splitting
Optimizing the DD grid for 4 cells with a minimum initial size of 2.850 nm
The maximum allowed number of cells is: X 3 Y 2 Z 3
Domain decomposition grid 2 x 1 x 2, separate PME ranks 0
PME domain decomposition: 4 x 1 x 1
Domain decomposition rank 0, coordinates 0 0 0

Using 4 MPI threads
Will do PME sum in reciprocal space for electrostatic interactions.

++++ PLEASE READ AND CITE THE FOLLOWING REFERENCE ++++
U. Essmann, L. Perera, M. L. Berkowitz, T. Darden, H. Lee and L. G. Pedersen 
A smooth particle mesh Ewald method
J. Chem. Phys. 103 (1995) pp. 8577-8592
-------- -------- --- Thank You --- -------- --------

Will do ordinary reciprocal space Ewald sum.
Using a Gaussian width (1/beta) of 0.384195 nm for Ewald
Cut-off's:   NS: 1.2   Coulomb: 1.2   LJ: 1.2
Long Range LJ corr.: <C6> 1.4803e-01
System total charge: 8.000
Generated table with 1100 data points for Ewald.
Tabscale = 500 points/nm
Generated table with 1100 data points for LJ6.
Tabscale = 500 points/nm
Generated table with 1100 data points for LJ12.
Tabscale = 500 points/nm
Potential shift: LJ r^-12: -1.122e-01 r^-6: -3.349e-01, Ewald -1.000e-05
Initialized non-bonded Ewald correction tables, spacing: 1.02e-03 size: 1176


Using AVX2_256 4x8 non-bonded kernels

Using full Lennard-Jones parameter combination matrix

Removing pbc first time

Initializing Parallel LINear Constraint Solver

++++ PLEASE READ AND CITE THE FOLLOWING REFERENCE ++++
B. Hess
P-LINCS: A Parallel Linear Constraint Solver for molecular simulation
J. Chem. Theory Comput. 4 (2008) pp. 116-122
-------- -------- --- Thank You --- -------- --------

The number of constraints is 507
There are inter charge-group constraints,
will communicate selected coordinates each lincs iteration
228 constraints are involved in constraint triangles,
will apply an additional matrix expansion of order 8 for couplings
between constraints inside triangles

Linking all bonded interactions to atoms

The initial number of communication pulses is: X 1 Z 1
The initial domain decomposition cell size is: X 4.89 nm Z 5.18 nm

The maximum allowed distance for charge groups involved in interactions is:
                 non-bonded interactions           1.200 nm
            two-body bonded interactions  (-rdd)   1.200 nm
          multi-body bonded interactions  (-rdd)   1.200 nm
  atoms separated by up to 9 constraints  (-rcon)  4.890 nm


Making 2D domain decomposition grid 2 x 1 x 2, home cell index 0 0 0

Initiating Polak-Ribiere Conjugate Gradients
Atom distribution over 4 domains: av 191 stddev 14 min 179 max 215
Started Polak-Ribiere Conjugate Gradients on rank 0 Sat May  2 08:21:57 2020

Polak-Ribiere Conjugate Gradients:
   Tolerance (Fmax)   =  1.00000e+00
   Number of steps    =        10000
           Step           Time         Lambda
              0        0.00000        0.00000

   Energies (kJ/mol)
           Bond       G96Angle    Proper Dih.  Improper Dih.        LJ (SR)
    2.05807e+02    7.53208e+02    1.78378e+02    8.34152e+01   -1.65820e+04
  Disper. corr.   Coulomb (SR)   Coul. recip.      Potential Pres. DC (bar)
   -2.80772e+02   -1.04533e+04    3.37920e+03   -2.27161e+04    0.00000e+00
 Pressure (bar)   Constr. rmsd
   -4.08437e+01    6.53889e-07

   F-max             =  4.12127e+01 on atom 645
   F-Norm            =  9.88233e+00

DD  step -2 load imb.: force 49.7%

           Step           Time         Lambda
              0        0.00000        0.00000

   Energies (kJ/mol)
           Bond       G96Angle    Proper Dih.  Improper Dih.        LJ (SR)
    2.05813e+02    7.53224e+02    1.78358e+02    8.34014e+01   -1.65822e+04
  Disper. corr.   Coulomb (SR)   Coul. recip.      Potential Pres. DC (bar)
   -2.80772e+02   -1.04534e+04    3.37917e+03   -2.27164e+04    0.00000e+00
 Pressure (bar)   Constr. rmsd
   -4.08532e+01    5.85559e-07

           Step           Time         Lambda
           1000     1000.00000        0.00000

   Energies (kJ/mol)
           Bond       G96Angle    Proper Dih.  Improper Dih.        LJ (SR)
    2.08793e+02    7.19280e+02    1.88263e+02    7.44373e+01   -1.67167e+04
  Disper. corr.   Coulomb (SR)   Coul. recip.      Potential Pres. DC (bar)
   -2.80772e+02   -1.04664e+04    3.35747e+03   -2.29156e+04    0.00000e+00
 Pressure (bar)   Constr. rmsd
   -4.24732e+01    8.10344e-07

           Step           Time         Lambda
           2000     2000.00000        0.00000

   Energies (kJ/mol)
           Bond       G96Angle    Proper Dih.  Improper Dih.        LJ (SR)
    2.08303e+02    7.63556e+02    1.84401e+02    7.68380e+01   -1.70035e+04
  Disper. corr.   Coulomb (SR)   Coul. recip.      Potential Pres. DC (bar)
   -2.80772e+02   -1.04995e+04    3.22484e+03   -2.33259e+04    0.00000e+00
 Pressure (bar)   Constr. rmsd
   -4.33513e+01    8.70372e-07


Energy minimization has stopped, but the forces have not converged to the
requested precision Fmax < 1 (which may not be possible for your system). It
stopped because the algorithm tried to make a new step whose size was too
small, or there was no change in the energy since last step. Either way, we
regard the minimization as converged to within the available machine
precision, given your starting configuration and EM parameters.

Double precision normally gives you higher accuracy, but this is often not
needed for preparing to run molecular dynamics.
           Step           Time         Lambda
           2248     2248.00000        0.00000

   Energies (kJ/mol)
           Bond       G96Angle    Proper Dih.  Improper Dih.        LJ (SR)
    2.14701e+02    7.69267e+02    1.91822e+02    8.37059e+01   -1.70641e+04
  Disper. corr.   Coulomb (SR)   Coul. recip.      Potential Pres. DC (bar)
   -2.80772e+02   -1.04977e+04    3.20308e+03   -2.33799e+04    0.00000e+00
 Pressure (bar)   Constr. rmsd
   -4.19587e+01    6.97911e-07


Polak-Ribiere Conjugate Gradients converged to machine precision in 2248 steps,
but did not reach the requested Fmax < 1.
Potential Energy  = -2.3379939e+04
Maximum force     =  3.9535570e+00 on atom 346
Norm of force     =  6.2727314e-01

Performed 2813 energy evaluations in total.

	M E G A - F L O P S   A C C O U N T I N G

 NB=Group-cutoff nonbonded kernels    NxN=N-by-N cluster Verlet kernels
 RF=Reaction-Field  VdW=Van der Waals  QSTab=quadratic-spline table
 W3=SPC/TIP3p  W4=TIP4p (single or pairs)
 V&F=Potential and force  V=Potential only  F=Force only

 Computing:                               M-Number         M-Flops  % Flops
-----------------------------------------------------------------------------
 Pair Search distance check             114.727764        1032.550     0.2
 NxN Ewald Elec. + LJ [V&F]              32.795424        3509.110     0.5
 NxN LJ [V&F]                           192.834400        8291.879     1.2
 NxN Ewald Elec. [V&F]                    0.122240          10.268     0.0
 Calc Weights                             6.449688         232.189     0.0
 Spread Q Bspline                       137.593344         275.187     0.0
 Gather F Bspline                       137.593344         825.560     0.1
 3D-FFT                               82237.731744      657901.854    97.5
 Solve PME                               20.260800        1296.691     0.2
 Reset In Box                             2.149896           6.450     0.0
 CG-CoM                                   2.595308           7.786     0.0
 Bonds                                    0.953946          56.283     0.0
 Angles                                   2.071104         347.945     0.1
 Propers                                  0.441798         101.172     0.0
 Impropers                                0.236376          49.166     0.0
 Virial                                   2.656416          47.815     0.0
 Lincs                                    3.841183         230.471     0.0
 Lincs-Mat                              114.308784         457.235     0.1
 Constraint-Vir                           1.920614          46.095     0.0
-----------------------------------------------------------------------------
 Total                                                  674725.706   100.0
-----------------------------------------------------------------------------


    D O M A I N   D E C O M P O S I T I O N   S T A T I S T I C S

 av. #atoms communicated per step for force:  2 x 367.6
 av. #atoms communicated per step for LINCS:  2 x 183.3


     R E A L   C Y C L E   A N D   T I M E   A C C O U N T I N G

On 4 MPI ranks

 Computing:          Num   Num      Call    Wall time         Giga-Cycles
                     Ranks Threads  Count      (s)         total sum    %
-----------------------------------------------------------------------------
 Domain decomp.         4    1       3396       3.858         80.234   4.3
 DD comm. load          4    1          1       0.000          0.001   0.0
 Neighbor search        4    1       2814       0.206          4.286   0.2
 Force                  4    1       2814       0.227          4.717   0.3
 Wait + Comm. F         4    1       2814       0.501         10.420   0.6
 PME mesh               4    1       2814      36.817        765.763  40.8
 NB X/F buffer ops.     4    1       2814       0.003          0.062   0.0
 Constraints            4    1       5627       1.286         26.746   1.4
 Comm. energies         4    1       2814       0.325          6.760   0.4
 Rest                                          47.056        978.734  52.1
-----------------------------------------------------------------------------
 Total                                         90.278       1877.722 100.0
-----------------------------------------------------------------------------
 Breakdown of PME mesh computation
-----------------------------------------------------------------------------
 PME redist. X/F        4    1       5628       3.599         74.866   4.0
 PME spread/gather      4    1       5628       7.172        149.175   7.9
 PME 3D-FFT             4    1       5628       9.511        197.825  10.5
 PME 3D-FFT Comm.       4    1       5628      11.650        242.320  12.9
 PME solve Elec         4    1       2814       4.875        101.407   5.4
-----------------------------------------------------------------------------

               Core t (s)   Wall t (s)        (%)
       Time:      361.111       90.278      400.0
               (steps/hour)
Performance:        89643.5
Finished mdrun on rank 0 Sat May  2 08:23:27 2020
